number,value,datetime_start,datetime_complete,duration,params_lr,params_strategy.beta,user_attrs_avg_acc,user_attrs_avg_ece,state,dataset,method,params_peft.alpha,params_peft.lambda_,params_ewc.decay_factor,params_ewc.ewc_lambda,params_rwalk.ewc_alpha,params_rwalk.ewc_lambda
10,0.6759656275572237,2026-04-02 00:07:53.613710,2026-04-02 01:11:05.527883,0 days 01:03:11.914173,0.007276840384051502,0.21997759213027268,,,PRUNED,cifar100,tball-mnd,,,,,,
11,0.7568270903587138,2026-04-02 01:11:06.568460,2026-04-02 02:21:19.603318,0 days 01:10:13.034858,0.0011047956703946647,0.6353280961922473,0.6008294224739075,0.08717524175647981,COMPLETE,cifar100,tball-mnd,,,,,,
12,0.7888872513116723,2026-04-02 02:21:20.901826,2026-04-02 03:32:01.110387,0 days 01:10:40.208561,0.0033016427423288816,0.7819206391965556,0.6153027415275574,0.03752823890421274,COMPLETE,cifar100,tball-mnd,,,,,,
13,0.7712250508431151,2026-04-02 03:32:02.427038,2026-04-02 04:43:06.216078,0 days 01:11:03.789040,0.0040667799653766315,0.6071969641964502,0.5901018977165222,0.047651796030292126,COMPLETE,cifar100,tball-mnd,,,,,,
14,0.08283390911869681,2026-04-02 04:43:07.595637,2026-04-02 04:50:11.352321,0 days 00:07:03.756684,0.0006073118901625735,0.5948614241527056,,,PRUNED,cifar100,tball-mnd,,,,,,
15,0.7913996991801315,2026-04-02 04:50:12.377887,2026-04-02 06:01:14.403563,0 days 01:11:02.025676,0.0034416836651199605,0.33381569698676344,0.6160061359405518,0.033206737580288706,COMPLETE,cifar100,tball-mnd,,,,,,
16,0.7827355916576636,2026-04-02 06:01:15.697813,2026-04-02 07:11:14.465519,0 days 01:09:58.767706,0.00459101221930103,0.29409590025489757,0.6229485869407654,0.057477403625438184,COMPLETE,cifar100,tball-mnd,,,,,,
17,0.16468627155450832,2026-04-02 07:11:15.769028,2026-04-02 07:25:15.647235,0 days 00:13:59.878207,0.0004096737065726255,0.006842148471951651,,,PRUNED,cifar100,tball-mnd,,,,,,
18,0.7968505998056461,2026-04-02 07:25:16.674649,2026-04-02 08:35:52.194648,0 days 01:10:35.519999,0.0027261192124756173,0.31873658411870026,0.6307598948478699,0.03705869523657762,COMPLETE,cifar100,tball-mnd,,,,,,
19,0.16816470331160546,2026-04-02 08:35:53.492963,2026-04-02 08:49:55.816435,0 days 00:14:02.323472,0.001144181509141607,0.44003702102052084,,,PRUNED,cifar100,tball-mnd,,,,,,
20,0.0863560699167247,2026-04-02 08:49:56.834931,2026-04-02 08:56:52.814032,0 days 00:06:55.979101,0.0022322899010471433,0.8808742403685792,,,PRUNED,cifar100,tball-mnd,,,,,,
21,0.7938033804814454,2026-04-02 08:56:53.836341,2026-04-02 10:07:11.192873,0 days 01:10:17.356532,0.003438257042496632,0.22883959085473163,0.6342483758926392,0.046641614929748346,COMPLETE,cifar100,tball-mnd,,,,,,
22,0.7748438842116945,2026-04-02 10:07:12.493212,2026-04-02 11:17:45.747066,0 days 01:10:33.253854,0.005281147179137094,0.19909969165834185,,,PRUNED,cifar100,tball-mnd,,,,,,
23,,2026-04-02 11:17:46.778104,2026-04-02 15:49:26.372892,0 days 04:31:39.594788,0.002551580898319967,0.16889491380625918,,,FAIL,cifar100,tball-mnd,,,,,,
24,,2026-04-02 11:37:20.495443,2026-04-02 15:49:24.868851,0 days 04:12:04.373408,0.0028775231954296654,0.10914116923639607,,,FAIL,cifar100,tball-mnd,,,,,,
25,0.7971917374251971,2026-04-02 11:57:05.605431,2026-04-02 13:07:17.568632,0 days 01:10:11.963201,0.0025102888057325573,0.12446163920362316,0.6306463479995728,0.0362628731491786,COMPLETE,cifar100,tball-mnd,,,,,,
26,0.7996910101993085,2026-04-02 11:57:20.703817,2026-04-02 13:10:07.546609,0 days 01:12:46.842792,0.002771524528654813,0.14938321460888515,0.6373574733734131,0.03797545297479599,COMPLETE,cifar100,tball-mnd,,,,,,
27,0.8015509031611799,2026-04-02 13:07:19.224189,2026-04-02 14:18:29.424250,0 days 01:11:10.200061,0.0015384585672970463,0.07422551852332118,0.6375746130943298,0.03447280677197,COMPLETE,cifar100,tball-mnd,,,,,,
28,0.799399160597956,2026-04-02 13:10:09.179383,2026-04-02 14:23:27.541539,0 days 01:13:18.362156,0.0015303617515713245,0.08013566902375668,0.6276836395263672,0.028885318330455118,COMPLETE,cifar100,tball-mnd,,,,,,
29,0.08759033340295,2026-04-02 14:18:31.607885,2026-04-02 14:25:33.214692,0 days 00:07:01.606807,0.0014796990738798026,0.45315721574906365,,,PRUNED,cifar100,tball-mnd,,,,,,
30,0.0858788527236692,2026-04-05 11:02:52.272676,2026-04-05 11:09:38.494617,0 days 00:06:46.221941,0.0007946209991796726,0.42413237894127365,,,PRUNED,cifar100,tball-mnd,,,,,,
31,0.4868432697107762,2026-04-05 11:09:39.904292,2026-04-05 11:49:47.051788,0 days 00:40:07.147496,0.005893314765187487,0.11928236284738983,,,PRUNED,cifar100,tball-mnd,,,,,,
