number,value,datetime_start,datetime_complete,duration,params_lr,params_strategy.beta,user_attrs_avg_acc,user_attrs_avg_ece,state,dataset,method,params_peft.alpha,params_peft.lambda_,params_ewc.decay_factor,params_ewc.ewc_lambda,params_rwalk.ewc_alpha,params_rwalk.ewc_lambda
8,0.0923250778546351,2026-04-01 22:09:12.229455,2026-04-01 22:14:03.868891,0 days 00:04:51.639436,0.005105170027258406,,,,PRUNED,cifar100,rwalk,,,,,0.2075394066360594,0.4209369582582422
9,0.09432646749760715,2026-04-01 22:14:04.835708,2026-04-01 22:18:55.757310,0 days 00:04:50.921602,0.002638624661865038,,,,PRUNED,cifar100,rwalk,,,,,0.6725939013552438,0.3199793382672719
10,0.16598224716040588,2026-04-01 22:18:56.772384,2026-04-01 22:29:18.642790,0 days 00:10:21.870406,0.007715838848202204,,,,PRUNED,cifar100,rwalk,,,,,0.9880160229735242,0.798011258400394
11,0.2521529023244983,2026-04-01 22:29:19.736255,2026-04-01 22:45:01.430948,0 days 00:15:41.694693,0.0018124308128111477,,,,PRUNED,cifar100,rwalk,,,,,0.7529739272096624,0.6504780686428739
12,0.17461059931075001,2026-04-01 22:45:02.508377,2026-04-01 22:55:21.354890,0 days 00:10:18.846513,0.0009965282750777486,,,,PRUNED,cifar100,rwalk,,,,,0.7613237751188845,0.34129396500939646
13,0.24989299074160506,2026-04-01 22:55:22.326558,2026-04-01 23:10:58.233249,0 days 00:15:35.906691,0.0023042393112850884,,,,PRUNED,cifar100,rwalk,,,,,0.8304749594406315,0.5964326766026421
14,0.172371009751119,2026-04-01 23:10:59.215728,2026-04-01 23:21:25.130980,0 days 00:10:25.915252,0.0009262420401025553,,,,PRUNED,cifar100,rwalk,,,,,0.5629503531230833,0.26718876857941143
15,0.09382093055279991,2026-04-01 23:21:26.112219,2026-04-01 23:26:20.606169,0 days 00:04:54.493950,0.00010439537967467193,,,,PRUNED,cifar100,rwalk,,,,,0.6439838736487911,0.014959858778248236
16,0.09429937969085832,2026-04-01 23:26:21.589443,2026-04-01 23:31:14.469159,0 days 00:04:52.879716,0.003977794240132485,,,,PRUNED,cifar100,rwalk,,,,,0.8344055617555077,0.9527112450514669
17,0.09450987626731173,2026-04-01 23:31:15.449971,2026-04-01 23:36:09.081714,0 days 00:04:53.631743,0.0006610823714373935,,,,PRUNED,cifar100,rwalk,,,,,0.4296069927513947,0.2290839805705094
18,0.7150736502773436,2026-04-01 23:36:10.065705,2026-04-02 00:29:30.818089,0 days 00:53:20.752384,0.0015482433720566727,,0.6087817549705505,0.1786344544158634,COMPLETE,cifar100,rwalk,,,,,0.8727245978356529,0.585347622580853
19,0.17158006380417054,2026-04-02 00:29:32.055144,2026-04-02 00:39:44.029271,0 days 00:10:11.974127,0.0004385951130431258,,,,PRUNED,cifar100,rwalk,,,,,0.6257122818273105,0.36998720287660825
20,0.09480833252289897,2026-04-02 00:39:45.012279,2026-04-02 00:44:33.783361,0 days 00:04:48.771082,0.004034267707416402,,,,PRUNED,cifar100,rwalk,,,,,0.7495719850846451,0.48856017934251195
21,0.2547712417976473,2026-04-02 00:44:34.770765,2026-04-02 01:00:08.300726,0 days 00:15:33.529961,0.001609160522880553,,,,PRUNED,cifar100,rwalk,,,,,0.882608082791958,0.5902463404429934
22,0.25393331370327,2026-04-02 01:00:09.283756,2026-04-02 01:15:49.227540,0 days 00:15:39.943784,0.00136590069032906,,,,PRUNED,cifar100,rwalk,,,,,0.962981301541038,0.7062066753523895
23,0.25043707265830195,2026-04-02 01:15:50.206489,2026-04-02 01:31:24.170976,0 days 00:15:33.964487,0.002615356806204621,,,,PRUNED,cifar100,rwalk,,,,,0.8735937930751395,0.5709555339217605
24,0.16932011641457523,2026-04-02 01:31:25.154002,2026-04-02 01:41:43.989356,0 days 00:10:18.835354,0.0007583821250483944,,,,PRUNED,cifar100,rwalk,,,,,0.7096952872899547,0.4183965352818827
25,0.17549889451561757,2026-04-02 01:41:44.961042,2026-04-02 01:51:51.502300,0 days 00:10:06.541258,0.0014171509449221354,,,,PRUNED,cifar100,rwalk,,,,,0.8235145779754349,0.17276004315844057
26,0.09471947950215401,2026-04-02 01:51:52.479171,2026-04-02 01:56:37.893948,0 days 00:04:45.414777,0.0004931159078011973,,,,PRUNED,cifar100,rwalk,,,,,0.5875944997967482,0.5434042136272046
27,0.05402934254065669,2026-04-02 01:56:38.874204,2026-04-02 02:01:24.309774,0 days 00:04:45.435570,0.009628479890114788,,,,PRUNED,cifar100,rwalk,,,,,0.9070152784198688,0.28620773247751263
28,0.1751934017695021,2026-04-02 02:01:25.283769,2026-04-02 02:11:37.511333,0 days 00:10:12.227564,0.0020746755093096893,,,,PRUNED,cifar100,rwalk,,,,,0.7749306932090864,0.6970022385626325
29,0.09484824441061725,2026-04-02 02:11:38.479734,2026-04-02 02:16:25.952054,0 days 00:04:47.472320,0.001132331265473072,,,,PRUNED,cifar100,rwalk,,,,,0.3304198314411422,0.12736971391698237
0,0.7042685061611176,2026-04-02 02:16:42.703165,2026-04-02 02:54:31.942825,0 days 00:37:49.239660,0.00027201141384256624,,0.5530135035514832,0.1444764912292481,COMPLETE,cifar100,sdlora,,,,,,
1,0.7067916367135029,2026-04-02 02:54:33.620825,2026-04-02 03:31:58.204616,0 days 00:37:24.583791,0.0002737453561156246,,0.5605615973472595,0.14697832392025384,COMPLETE,cifar100,sdlora,,,,,,
2,0.7970630466838919,2026-04-02 03:31:59.831741,2026-04-02 04:09:21.956025,0 days 00:37:22.124284,0.0014202805888799243,,0.629950761795044,0.035824668427260176,COMPLETE,cifar100,sdlora,,,,,,
3,0.6208480038271227,2026-04-02 03:57:25.492104,2026-04-02 04:34:20.156117,0 days 00:36:54.664013,0.00011260140466146126,,0.47174501419067383,0.2300490065364285,COMPLETE,cifar100,sdlora,,,,,,
4,0.7928925837711416,2026-04-02 04:09:24.157651,2026-04-02 04:48:02.911030,0 days 00:38:38.753379,0.0011115830668029939,,0.61589515209198,0.0301099845496968,COMPLETE,cifar100,sdlora,,,,,,
5,0.7806807384387568,2026-04-02 04:34:21.669332,2026-04-02 05:11:36.407197,0 days 00:37:14.737865,0.002657292032317952,,0.6398351788520813,0.07847370197456766,COMPLETE,cifar100,sdlora,,,,,,
6,0.7749674693695658,2026-04-02 04:48:04.664472,2026-04-02 05:26:44.831603,0 days 00:38:40.167131,0.0006265415152357178,,0.6003706455230713,0.05043570678393966,COMPLETE,cifar100,sdlora,,,,,,
7,0.7998565953837222,2026-04-02 05:11:37.918739,2026-04-02 05:49:02.209915,0 days 00:37:24.291176,0.0014624629635316489,,0.6335681676864624,0.033854976919017926,COMPLETE,cifar100,sdlora,,,,,,
8,0.0899219128852108,2026-04-02 05:26:46.320203,2026-04-02 05:30:09.630645,0 days 00:03:23.310442,0.0005416600389960606,,,,PRUNED,cifar100,sdlora,,,,,,
9,0.08441708273760719,2026-04-02 05:30:10.873755,2026-04-02 05:33:32.025799,0 days 00:03:21.152044,0.0002097530611165521,,,,PRUNED,cifar100,sdlora,,,,,,
10,0.0874300342322303,2026-04-02 05:33:33.288677,2026-04-02 05:36:53.897583,0 days 00:03:20.608906,0.000347913097985593,,,,PRUNED,cifar100,sdlora,,,,,,
11,0.17322053939806834,2026-04-02 05:36:55.205679,2026-04-02 05:44:06.789993,0 days 00:07:11.584314,0.00907951408222653,,,,PRUNED,cifar100,sdlora,,,,,,
12,0.796279673601633,2026-04-02 05:44:08.032729,2026-04-02 06:23:13.330737,0 days 00:39:05.298008,0.0013740063174979967,,0.6283000111579895,0.03574066395472347,COMPLETE,cifar100,sdlora,,,,,,
13,0.7985894353989378,2026-04-02 05:49:04.038277,2026-04-02 06:26:43.080622,0 days 00:37:39.042345,0.0018959266154454247,,0.6448908448219299,0.047711974024054235,COMPLETE,cifar100,sdlora,,,,,,
14,0.4172285852783592,2026-04-02 06:23:14.852691,2026-04-02 06:42:10.521277,0 days 00:18:55.668586,0.003103191166809016,,,,PRUNED,cifar100,sdlora,,,,,,
15,0.2579099847845921,2026-04-02 06:26:44.582567,2026-04-02 06:37:32.273348,0 days 00:10:47.690781,0.003285370001218715,,,,PRUNED,cifar100,sdlora,,,,,,
16,0.2587563791401322,2026-04-02 06:37:33.500858,2026-04-02 06:48:17.160978,0 days 00:10:43.660120,0.0032997413063550864,,,,PRUNED,cifar100,sdlora,,,,,,
17,0.1751040027071496,2026-04-02 06:42:11.739619,2026-04-02 06:49:19.803175,0 days 00:07:08.063556,0.007358118366033607,,,,PRUNED,cifar100,sdlora,,,,,,
18,0.25649334781925437,2026-04-02 06:48:18.395456,2026-04-02 06:59:03.864282,0 days 00:10:45.468826,0.006507697087649092,,,,PRUNED,cifar100,sdlora,,,,,,
19,0.7877369316043186,2026-04-02 06:49:21.038954,2026-04-02 07:27:39.638466,0 days 00:38:18.599512,0.0018638132569582858,,0.6333105564117432,0.05783669320310605,COMPLETE,cifar100,sdlora,,,,,,
20,0.7935795808760189,2026-04-02 06:59:05.103670,2026-04-02 07:36:50.267176,0 days 00:37:45.163506,0.0016686762458920537,,0.6296120882034302,0.04245292645139227,COMPLETE,cifar100,sdlora,,,,,,
21,0.09046899966413981,2026-04-02 07:27:41.134319,2026-04-02 07:31:01.173416,0 days 00:03:20.039097,0.0007248083043274787,,,,PRUNED,cifar100,sdlora,,,,,,
22,0.17772766013112723,2026-04-02 07:31:02.459275,2026-04-02 07:38:11.052928,0 days 00:07:08.593653,0.0016671073927839778,,,,PRUNED,cifar100,sdlora,,,,,,
23,0.09090695298443272,2026-04-02 07:36:51.763495,2026-04-02 07:40:08.297334,0 days 00:03:16.533839,0.0008470836334233344,,,,PRUNED,cifar100,sdlora,,,,,,
24,0.09173410894922887,2026-04-02 07:38:12.350675,2026-04-02 07:41:30.002474,0 days 00:03:17.651799,0.0008979864307456032,,,,PRUNED,cifar100,sdlora,,,,,,
25,0.25560826948311494,2026-04-02 07:40:09.764954,2026-04-02 07:51:01.095918,0 days 00:10:51.330964,0.005204392963562905,,,,PRUNED,cifar100,sdlora,,,,,,
26,0.17651188879414592,2026-04-02 07:41:31.266519,2026-04-02 07:48:39.557985,0 days 00:07:08.291466,0.0050097712678577894,,,,PRUNED,cifar100,sdlora,,,,,,
27,0.7949515566240363,2026-04-02 07:48:40.794025,2026-04-02 08:26:58.511753,0 days 00:38:17.717728,0.002065567926490371,,0.6482738852500916,0.058370772002018956,COMPLETE,cifar100,sdlora,,,,,,
28,0.25992304600686567,2026-04-02 07:51:02.404572,2026-04-02 08:01:51.426753,0 days 00:10:49.022181,0.0023174526609113255,,,,PRUNED,cifar100,sdlora,,,,,,
29,0.7949536448243537,2026-04-02 08:01:52.657244,2026-04-02 08:39:14.289310,0 days 00:37:21.632066,0.0013619129450961813,,0.6241088509559631,0.03420156130725581,COMPLETE,cifar100,sdlora,,,,,,
30,0.09147175643380603,2026-04-02 08:27:00.126224,2026-04-02 08:30:18.683965,0 days 00:03:18.557741,0.0010619463418499726,,,,PRUNED,cifar100,sdlora,,,,,,
31,0.08863856561283649,2026-04-02 08:30:19.914125,2026-04-02 08:33:39.355205,0 days 00:03:19.441080,0.00045798490082980743,,,,PRUNED,cifar100,sdlora,,,,,,
32,0.09179799677981171,2026-04-02 08:33:40.599005,2026-04-02 08:36:57.819690,0 days 00:03:17.220685,0.0013047661610915773,,,,PRUNED,cifar100,sdlora,,,,,,
33,0.34015193836840696,2026-04-02 08:36:59.057127,2026-04-02 08:51:48.170195,0 days 00:14:49.113068,0.0016172951395656916,,,,PRUNED,cifar100,sdlora,,,,,,
34,0.17717848523105398,2026-04-02 08:39:16.010350,2026-04-02 08:46:12.902547,0 days 00:06:56.892197,0.001416093106097647,,,,PRUNED,cifar100,sdlora,,,,,,
35,0.3400701124658436,2026-04-02 08:46:14.194595,2026-04-02 09:00:46.210392,0 days 00:14:32.015797,0.0023360302322676706,,,,PRUNED,cifar100,sdlora,,,,,,
36,0.17560981788084673,2026-04-02 08:51:49.404655,2026-04-02 08:58:53.176533,0 days 00:07:03.771878,0.004125062577231538,,,,PRUNED,cifar100,sdlora,,,,,,
37,0.4961294530953666,2026-04-02 08:58:54.399607,2026-04-02 09:21:21.123483,0 days 00:22:26.723876,0.0023527081654681893,,,,PRUNED,cifar100,sdlora,,,,,,
38,0.09158492750088076,2026-04-02 09:00:47.435350,2026-04-02 09:04:02.748297,0 days 00:03:15.312947,0.0010446175022759455,,,,PRUNED,cifar100,sdlora,,,,,,
39,0.09097559785208317,2026-04-02 09:04:03.965415,2026-04-02 09:07:19.034066,0 days 00:03:15.068651,0.0007190868512026424,,,,PRUNED,cifar100,sdlora,,,,,,
40,0.07997454348314166,2026-04-02 09:07:20.310558,2026-04-02 09:10:32.471442,0 days 00:03:12.160884,0.00014082127252879086,,,,PRUNED,cifar100,sdlora,,,,,,
41,0.08872282802916975,2026-04-02 09:10:33.698751,2026-04-02 09:13:45.624984,0 days 00:03:11.926233,0.0004616725807726028,,,,PRUNED,cifar100,sdlora,,,,,,
42,0.7983733744831966,2026-04-02 09:13:46.845892,2026-04-02 09:51:22.851495,0 days 00:37:36.005603,0.0012607643365291717,,0.6262831687927246,0.0295364198263315,COMPLETE,cifar100,sdlora,,,,,,
43,0.17760383143759648,2026-04-02 09:21:22.371176,2026-04-02 09:28:28.760842,0 days 00:07:06.389666,0.0012694069186506435,,,,PRUNED,cifar100,sdlora,,,,,,
44,0.7943046521357744,2026-04-02 09:28:29.984910,2026-04-02 10:06:46.781002,0 days 00:38:16.796092,0.0012100230050179422,,0.6209238767623901,0.03231457249084131,COMPLETE,cifar100,sdlora,,,,,,
45,0.17741581749693006,2026-04-02 09:51:24.358916,2026-04-02 09:58:21.160908,0 days 00:06:56.801992,0.0029156572318131853,,,,PRUNED,cifar100,sdlora,,,,,,
46,0.17733749498515466,2026-04-02 09:58:22.392775,2026-04-02 10:05:16.499761,0 days 00:06:54.106986,0.001122550750331568,,,,PRUNED,cifar100,sdlora,,,,,,
47,0.09051657046258671,2026-04-02 10:05:17.733481,2026-04-02 10:08:31.188768,0 days 00:03:13.455287,0.0006098872656537288,,,,PRUNED,cifar100,sdlora,,,,,,
48,0.09173280993908531,2026-04-02 10:06:48.300200,2026-04-02 10:10:06.045259,0 days 00:03:17.745059,0.0008811524803581875,,,,PRUNED,cifar100,sdlora,,,,,,
49,0.09191193396770911,2026-04-02 10:08:32.402041,2026-04-02 10:11:47.469074,0 days 00:03:15.067033,0.000870399276865706,,,,PRUNED,cifar100,sdlora,,,,,,
50,0.34065194547694555,2026-04-02 10:10:07.261213,2026-04-02 10:24:50.285181,0 days 00:14:43.023968,0.001930959016843515,,,,PRUNED,cifar100,sdlora,,,,,,
51,0.33743137330340944,2026-04-02 10:11:48.705201,2026-04-02 10:26:07.164577,0 days 00:14:18.459376,0.0037785854393980597,,,,PRUNED,cifar100,sdlora,,,,,,
52,0.17796508772652808,2026-04-02 10:24:51.523548,2026-04-02 10:31:59.659801,0 days 00:07:08.136253,0.0014350087680365935,,,,PRUNED,cifar100,sdlora,,,,,,
53,0.09224062594284124,2026-04-02 10:26:08.383592,2026-04-02 10:29:21.744888,0 days 00:03:13.361296,0.0015396500727900464,,,,PRUNED,cifar100,sdlora,,,,,,
54,0.7991148877537486,2026-04-02 10:29:22.995046,2026-04-02 11:06:55.481619,0 days 00:37:32.486573,0.0013725492717829395,,0.633080005645752,0.034850230138254806,COMPLETE,cifar100,sdlora,,,,,,
55,0.797245157390064,2026-04-02 10:32:00.899325,2026-04-02 11:10:17.726799,0 days 00:38:16.827474,0.0018655011434415944,,0.6440709829330444,0.04958066815291652,COMPLETE,cifar100,sdlora,,,,,,
56,0.34111839518071374,2026-04-02 11:06:57.044438,2026-04-02 11:21:17.774049,0 days 00:14:20.729611,0.0025908742209679522,,,,PRUNED,cifar100,sdlora,,,,,,
57,0.5734293571931661,2026-04-02 11:21:18.802846,2026-04-02 11:48:30.359942,0 days 00:27:11.557096,0.001962901516675938,,,,PRUNED,cifar100,sdlora,,,,,,
58,,2026-04-02 11:48:31.404793,,,0.0017703618713862945,,,,RUNNING,cifar100,sdlora,,,,,,
0,0.7892697711512395,2026-04-01 17:28:07.428968,2026-04-01 18:07:11.582313,0 days 00:39:04.153345,0.0032492906714315347,0.09002954977323063,0.6265404224395752,0.048000880137096025,COMPLETE,cifar100,tball,,,,,,
1,0.7688963038684444,2026-04-01 18:07:13.149525,2026-04-01 18:46:20.143328,0 days 00:39:06.993803,0.001778096446001036,1.1212017133232153,0.589016854763031,0.05122424702614229,COMPLETE,cifar100,tball,,,,,,
2,0.6141738540177869,2026-04-01 18:46:21.394887,2026-04-01 19:25:32.628935,0 days 00:39:11.234048,0.00012396310180657981,1.9182488284068275,0.48956727981567383,0.2612195717801001,COMPLETE,cifar100,tball,,,,,,
3,0.7206066535229988,2026-04-01 19:25:33.862668,2026-04-01 20:04:37.032436,0 days 00:39:03.169768,0.007836980187065636,1.5623134456960468,0.5422571897506714,0.10104388270467375,COMPLETE,cifar100,tball,,,,,,
4,0.7550344240768948,2026-04-01 20:04:38.268521,2026-04-01 20:43:59.956100,0 days 00:39:21.687579,0.007239662684324621,1.0024882562106774,0.5769917964935303,0.06692294833974072,COMPLETE,cifar100,tball,,,,,,
5,0.07813067603360563,2026-04-01 20:44:01.259652,2026-04-01 20:47:56.306903,0 days 00:03:55.047251,0.00015110109893303592,0.9988860876431682,,,PRUNED,cifar100,tball,,,,,,
6,0.08796191381524274,2026-04-01 20:47:57.354525,2026-04-01 20:51:51.211375,0 days 00:03:53.856850,0.0025222096734725933,1.1062078049269612,,,PRUNED,cifar100,tball,,,,,,
7,0.07989807743649971,2026-04-01 20:51:52.257652,2026-04-01 20:55:46.762662,0 days 00:03:54.505010,0.00019194854123216236,1.2208146020987798,,,PRUNED,cifar100,tball,,,,,,
8,0.0864681560631148,2026-04-01 20:55:47.740383,2026-04-01 20:59:44.109772,0 days 00:03:56.369389,0.0008141683226795221,1.405103078972513,,,PRUNED,cifar100,tball,,,,,,
9,0.08736644272653556,2026-04-01 20:59:45.091429,2026-04-01 21:03:40.173264,0 days 00:03:55.081835,0.0014366827681247605,1.8326470539676694,,,PRUNED,cifar100,tball,,,,,,
10,0.08682942861839846,2026-04-01 21:03:41.162530,2026-04-01 21:07:34.723509,0 days 00:03:53.560979,0.0004139627182361158,0.021109341724890124,,,PRUNED,cifar100,tball,,,,,,
11,0.08841267396685293,2026-04-01 21:07:35.696048,2026-04-01 21:11:29.322877,0 days 00:03:53.626829,0.003028076363972295,0.6059751135067046,,,PRUNED,cifar100,tball,,,,,,
12,0.7955192144386452,2026-04-01 21:11:30.309005,2026-04-01 21:50:33.017374,0 days 00:39:02.708369,0.0032443546211453488,0.49475180650219786,0.6240609884262085,0.033022559548918216,COMPLETE,cifar100,tball,,,,,,
13,0.7744862582599144,2026-04-01 21:50:34.541817,2026-04-01 22:29:49.045660,0 days 00:39:14.503843,0.004687434071504128,0.10087087930314764,0.6235987544059753,0.07462623788614678,COMPLETE,cifar100,tball,,,,,,
14,0.08785592427356839,2026-04-01 22:29:50.275630,2026-04-01 22:33:50.646671,0 days 00:04:00.371041,0.0008356133940222319,0.38080316322535057,,,PRUNED,cifar100,tball,,,,,,
15,0.7860368055199587,2026-04-01 22:33:51.627859,2026-04-01 23:13:44.498959,0 days 00:39:52.871100,0.004100901601138926,0.6237155586720595,0.60457843542099,0.03250482438107271,COMPLETE,cifar100,tball,,,,,,
16,0.7863282620462269,2026-04-01 23:13:45.741827,2026-04-01 23:53:25.662303,0 days 00:39:39.920476,0.0016013253979490153,0.3359203636776831,0.6243564486503601,0.05169992455790655,COMPLETE,cifar100,tball,,,,,,
17,0.08675736524447968,2026-04-01 23:53:26.939733,2026-04-01 23:57:27.122771,0 days 00:04:00.183038,0.00042648332362588815,0.6244299887847073,,,PRUNED,cifar100,tball,,,,,,
18,0.2509001671262937,2026-04-01 23:57:28.188878,2026-04-02 00:09:26.344130,0 days 00:11:58.155252,0.009523767442091513,0.32739609007179016,,,PRUNED,cifar100,tball,,,,,,
19,0.17199197768457478,2026-04-02 00:09:27.328414,2026-04-02 00:17:25.747879,0 days 00:07:58.419465,0.0045959120396152995,0.8205958512379743,,,PRUNED,cifar100,tball,,,,,,
20,0.7977273633048569,2026-04-02 00:17:26.716775,2026-04-02 00:57:13.317083,0 days 00:39:46.600308,0.0031463289089529805,0.17841653060024482,0.6309185028076172,0.03546377619790319,COMPLETE,cifar100,tball,,,,,,
21,0.8003578256197641,2026-04-02 00:57:14.880764,2026-04-02 01:37:03.079342,0 days 00:39:48.198578,0.002627997673572936,0.1804000590512294,0.6351057291030884,0.03439007786356032,COMPLETE,cifar100,tball,,,,,,
22,0.8005274733583503,2026-04-02 01:37:04.736299,2026-04-02 02:16:54.110458,0 days 00:39:49.374159,0.0022193453268179865,0.2380672730088932,0.6327046155929565,0.03164966887625588,COMPLETE,cifar100,tball,,,,,,
23,0.7997335434892989,2026-04-02 02:16:55.722939,2026-04-02 02:56:56.379809,0 days 00:40:00.656870,0.0020062574702363195,0.21876529564907232,0.6297504305839539,0.030283343605356127,COMPLETE,cifar100,tball,,,,,,
24,0.08818317638150634,2026-04-02 02:56:57.613842,2026-04-02 03:00:55.122916,0 days 00:03:57.509074,0.0012961951840133492,0.802503601367979,,,PRUNED,cifar100,tball,,,,,,
25,0.0901874237017487,2026-04-02 03:00:56.103711,2026-04-02 03:04:53.690530,0 days 00:03:57.586819,0.0020644032900872015,0.21420157732421413,,,PRUNED,cifar100,tball,,,,,,
26,0.08938085494045975,2026-04-02 03:04:54.671671,2026-04-02 03:08:55.667310,0 days 00:04:00.995639,0.0009995787360134825,0.4569979082937615,,,PRUNED,cifar100,tball,,,,,,
27,0.08790995845776549,2026-04-02 03:08:56.649739,2026-04-02 03:12:56.863665,0 days 00:04:00.213926,0.0006962606952811727,0.26997215658274754,,,PRUNED,cifar100,tball,,,,,,
28,0.08226319112648534,2026-04-02 03:12:57.848670,2026-04-02 03:16:57.861118,0 days 00:04:00.012448,0.005383916553175619,0.7750402392671342,,,PRUNED,cifar100,tball,,,,,,
29,0.8031432231493605,2026-04-02 03:16:58.845731,2026-04-02 03:57:07.989543,0 days 00:40:09.143812,0.002226935866207209,0.00486127413711579,0.6374619007110596,0.031175454412338745,COMPLETE,cifar100,tball,,,,,,
30,0.0875588703971399,2026-04-02 11:10:33.324934,2026-04-02 11:14:32.571902,0 days 00:03:59.246968,0.0005748780483092063,0.008082534121980928,,,PRUNED,cifar100,tball,,,,,,
31,,2026-04-02 11:14:33.575560,,,0.0021732845492815358,0.1446929097290704,,,RUNNING,cifar100,tball,,,,,,
0,0.7517127243563622,2026-04-01 17:28:07.633326,2026-04-01 18:38:20.024831,0 days 01:10:12.391505,0.0019292734891804034,1.8181730760738792,0.5576779246330261,0.05425247592030176,COMPLETE,cifar100,tball-mnd,,,,,,
1,0.6535880000379611,2026-04-01 18:38:21.671533,2026-04-01 19:48:31.243572,0 days 01:10:09.572039,0.0001991426441741609,1.25632214665137,0.533719003200531,0.2265430031246088,COMPLETE,cifar100,tball-mnd,,,,,,
2,0.8014617449517063,2026-04-01 19:48:32.567838,2026-04-01 20:58:54.000800,0 days 01:10:21.432962,0.002255189727828408,0.035714034227002145,0.637898325920105,0.03497483601669228,COMPLETE,cifar100,tball-mnd,,,,,,
3,0.7586533322665084,2026-04-01 20:58:55.617006,2026-04-01 22:08:47.562088,0 days 01:09:51.945082,0.001485686717488961,1.0901461677516588,0.5935208201408386,0.07621415560782172,COMPLETE,cifar100,tball-mnd,,,,,,
4,0.6998670285018892,2026-04-01 22:08:48.872903,2026-04-01 23:18:44.737749,0 days 01:09:55.864846,0.0002867753580746142,0.011979302968864625,0.585852861404419,0.1861188044006405,COMPLETE,cifar100,tball-mnd,,,,,,
5,0.15887289559475273,2026-04-01 23:18:46.042732,2026-04-01 23:32:52.183391,0 days 00:14:06.140659,0.0007465078896311157,1.951213041919429,,,PRUNED,cifar100,tball-mnd,,,,,,
6,0.07871334237744143,2026-04-01 23:32:53.217432,2026-04-01 23:39:51.908336,0 days 00:06:58.690904,0.00015134495700752152,1.3394680218987414,,,PRUNED,cifar100,tball-mnd,,,,,,
7,0.1615286601864921,2026-04-01 23:39:52.977491,2026-04-01 23:53:58.023207,0 days 00:14:05.045716,0.0022511618066418573,1.6039822602080709,,,PRUNED,cifar100,tball-mnd,,,,,,
8,0.07763178690758041,2026-04-01 23:53:59.121789,2026-04-02 00:00:56.713425,0 days 00:06:57.591636,0.007878223092454357,1.8788330988623714,,,PRUNED,cifar100,tball-mnd,,,,,,
9,0.07729792037390933,2026-04-02 00:00:57.734275,2026-04-02 00:07:52.583298,0 days 00:06:54.849023,0.00014684354955802576,1.7887267366761603,,,PRUNED,cifar100,tball-mnd,,,,,,
